# lattice-best-path --lm-scale=12 --word-symbol-table=exp/tri1/graph/words.txt "ark:gunzip -c exp/tri1/decode/lat.*.gz|" ark,t:exp/tri1/decode/scoring/12.tra 
# Started at Sat Aug 31 16:56:53 CST 2019
#
lattice-best-path --lm-scale=12 --word-symbol-table=exp/tri1/graph/words.txt 'ark:gunzip -c exp/tri1/decode/lat.*.gz|' ark,t:exp/tri1/decode/scoring/12.tra 
LOG (lattice-best-path[5.5.383~1445-bd1d]:main():lattice-best-path.cc:99) For utterance speaker3_0_0_0, best cost 239.307 + 14968.6 = 15207.9 over 182 frames.
speaker3_0_0_0 zero zero zero 
LOG (lattice-best-path[5.5.383~1445-bd1d]:main():lattice-best-path.cc:99) For utterance speaker3_1_1_1, best cost 242.082 + 13967.2 = 14209.3 over 173 frames.
speaker3_1_1_1 one one one 
LOG (lattice-best-path[5.5.383~1445-bd1d]:main():lattice-best-path.cc:99) For utterance speaker3_1_2_3, best cost 266.69 + 27994.8 = 28261.5 over 309 frames.
speaker3_1_2_3 one two nine 
LOG (lattice-best-path[5.5.383~1445-bd1d]:main():lattice-best-path.cc:99) For utterance speaker3_2_2_2, best cost 206.677 + 13505.9 = 13712.6 over 167 frames.
speaker3_2_2_2 two two two 
LOG (lattice-best-path[5.5.383~1445-bd1d]:main():lattice-best-path.cc:99) For utterance speaker3_3_3_3, best cost 284.823 + 14246.8 = 14531.6 over 169 frames.
speaker3_3_3_3 three three three 
LOG (lattice-best-path[5.5.383~1445-bd1d]:main():lattice-best-path.cc:99) For utterance speaker3_4_4_4, best cost 256.595 + 14009.8 = 14266.4 over 167 frames.
speaker3_4_4_4 four four four 
LOG (lattice-best-path[5.5.383~1445-bd1d]:main():lattice-best-path.cc:99) For utterance speaker3_5_5_5, best cost 218.338 + 13863 = 14081.3 over 171 frames.
speaker3_5_5_5 five five five 
LOG (lattice-best-path[5.5.383~1445-bd1d]:main():lattice-best-path.cc:99) For utterance speaker3_6_6_6, best cost 232.361 + 16709 = 16941.3 over 199 frames.
speaker3_6_6_6 six six six 
LOG (lattice-best-path[5.5.383~1445-bd1d]:main():lattice-best-path.cc:99) For utterance speaker3_7_7_7, best cost 236.563 + 16504.8 = 16741.4 over 200 frames.
speaker3_7_7_7 seven seven seven 
LOG (lattice-best-path[5.5.383~1445-bd1d]:main():lattice-best-path.cc:99) For utterance speaker3_8_8_8, best cost 248.658 + 18890.5 = 19139.2 over 220 frames.
speaker3_8_8_8 eight eight eight 
LOG (lattice-best-path[5.5.383~1445-bd1d]:main():lattice-best-path.cc:99) For utterance speaker4_0_0_0, best cost 239.307 + 14863.5 = 15102.8 over 182 frames.
speaker4_0_0_0 zero zero zero 
LOG (lattice-best-path[5.5.383~1445-bd1d]:main():lattice-best-path.cc:99) For utterance speaker4_1_1_1, best cost 242.082 + 13875.7 = 14117.8 over 173 frames.
speaker4_1_1_1 one one one 
LOG (lattice-best-path[5.5.383~1445-bd1d]:main():lattice-best-path.cc:99) For utterance speaker4_1_2_3, best cost 171.224 + 18004.9 = 18176.1 over 198 frames.
speaker4_1_2_3 two three 
LOG (lattice-best-path[5.5.383~1445-bd1d]:main():lattice-best-path.cc:99) For utterance speaker4_2_2_2, best cost 206.519 + 13281.9 = 13488.4 over 167 frames.
speaker4_2_2_2 two two two 
LOG (lattice-best-path[5.5.383~1445-bd1d]:main():lattice-best-path.cc:99) For utterance speaker4_3_3_3, best cost 284.909 + 14098.7 = 14383.7 over 169 frames.
speaker4_3_3_3 three three three 
LOG (lattice-best-path[5.5.383~1445-bd1d]:main():lattice-best-path.cc:99) For utterance speaker4_4_4_4, best cost 256.595 + 13805.3 = 14061.8 over 167 frames.
speaker4_4_4_4 four four four 
LOG (lattice-best-path[5.5.383~1445-bd1d]:main():lattice-best-path.cc:99) For utterance speaker4_5_5_5, best cost 218.67 + 13785.6 = 14004.3 over 171 frames.
speaker4_5_5_5 five five five 
LOG (lattice-best-path[5.5.383~1445-bd1d]:main():lattice-best-path.cc:99) For utterance speaker4_6_6_6, best cost 232.361 + 16600.4 = 16832.8 over 199 frames.
speaker4_6_6_6 six six six 
LOG (lattice-best-path[5.5.383~1445-bd1d]:main():lattice-best-path.cc:99) For utterance speaker4_7_7_7, best cost 236.885 + 16428.5 = 16665.4 over 200 frames.
speaker4_7_7_7 seven seven seven 
LOG (lattice-best-path[5.5.383~1445-bd1d]:main():lattice-best-path.cc:99) For utterance speaker4_8_8_8, best cost 248.842 + 18682.5 = 18931.3 over 220 frames.
speaker4_8_8_8 eight eight eight 
LOG (lattice-best-path[5.5.383~1445-bd1d]:main():lattice-best-path.cc:124) Overall cost per frame is 84.8953 = 1.25414 [graph] + 83.6412 [acoustic] over 3803 frames.
LOG (lattice-best-path[5.5.383~1445-bd1d]:main():lattice-best-path.cc:128) Done 20 lattices, failed for 0
# Accounting: time=0 threads=1
# Ended (code 0) at Sat Aug 31 16:56:53 CST 2019, elapsed time 0 seconds
