# lattice-best-path --lm-scale=17 --word-symbol-table=exp/tri1/graph/words.txt "ark:gunzip -c exp/tri1/decode/lat.*.gz|" ark,t:exp/tri1/decode/scoring/17.tra 
# Started at Sat Aug 31 16:56:53 CST 2019
#
lattice-best-path --lm-scale=17 --word-symbol-table=exp/tri1/graph/words.txt 'ark:gunzip -c exp/tri1/decode/lat.*.gz|' ark,t:exp/tri1/decode/scoring/17.tra 
LOG (lattice-best-path[5.5.383~1445-bd1d]:main():lattice-best-path.cc:99) For utterance speaker3_0_0_0, best cost 339.019 + 14968.6 = 15307.6 over 182 frames.
speaker3_0_0_0 zero zero zero 
LOG (lattice-best-path[5.5.383~1445-bd1d]:main():lattice-best-path.cc:99) For utterance speaker3_1_1_1, best cost 342.949 + 13967.2 = 14310.2 over 173 frames.
speaker3_1_1_1 one one one 
LOG (lattice-best-path[5.5.383~1445-bd1d]:main():lattice-best-path.cc:99) For utterance speaker3_1_2_3, best cost 377.812 + 27994.8 = 28372.6 over 309 frames.
speaker3_1_2_3 one two nine 
LOG (lattice-best-path[5.5.383~1445-bd1d]:main():lattice-best-path.cc:99) For utterance speaker3_2_2_2, best cost 292.793 + 13505.9 = 13798.7 over 167 frames.
speaker3_2_2_2 two two two 
LOG (lattice-best-path[5.5.383~1445-bd1d]:main():lattice-best-path.cc:99) For utterance speaker3_3_3_3, best cost 403.5 + 14246.8 = 14650.3 over 169 frames.
speaker3_3_3_3 three three three 
LOG (lattice-best-path[5.5.383~1445-bd1d]:main():lattice-best-path.cc:99) For utterance speaker3_4_4_4, best cost 363.51 + 14009.8 = 14373.3 over 167 frames.
speaker3_4_4_4 four four four 
LOG (lattice-best-path[5.5.383~1445-bd1d]:main():lattice-best-path.cc:99) For utterance speaker3_5_5_5, best cost 309.312 + 13863 = 14172.3 over 171 frames.
speaker3_5_5_5 five five five 
LOG (lattice-best-path[5.5.383~1445-bd1d]:main():lattice-best-path.cc:99) For utterance speaker3_6_6_6, best cost 329.179 + 16709 = 17038.2 over 199 frames.
speaker3_6_6_6 six six six 
LOG (lattice-best-path[5.5.383~1445-bd1d]:main():lattice-best-path.cc:99) For utterance speaker3_7_7_7, best cost 335.13 + 16504.8 = 16839.9 over 200 frames.
speaker3_7_7_7 seven seven seven 
LOG (lattice-best-path[5.5.383~1445-bd1d]:main():lattice-best-path.cc:99) For utterance speaker3_8_8_8, best cost 352.266 + 18890.5 = 19242.8 over 220 frames.
speaker3_8_8_8 eight eight eight 
LOG (lattice-best-path[5.5.383~1445-bd1d]:main():lattice-best-path.cc:99) For utterance speaker4_0_0_0, best cost 339.019 + 14863.5 = 15202.5 over 182 frames.
speaker4_0_0_0 zero zero zero 
LOG (lattice-best-path[5.5.383~1445-bd1d]:main():lattice-best-path.cc:99) For utterance speaker4_1_1_1, best cost 342.949 + 13875.7 = 14218.7 over 173 frames.
speaker4_1_1_1 one one one 
LOG (lattice-best-path[5.5.383~1445-bd1d]:main():lattice-best-path.cc:99) For utterance speaker4_1_2_3, best cost 242.567 + 18004.9 = 18247.5 over 198 frames.
speaker4_1_2_3 two three 
LOG (lattice-best-path[5.5.383~1445-bd1d]:main():lattice-best-path.cc:99) For utterance speaker4_2_2_2, best cost 292.569 + 13281.9 = 13574.5 over 167 frames.
speaker4_2_2_2 two two two 
LOG (lattice-best-path[5.5.383~1445-bd1d]:main():lattice-best-path.cc:99) For utterance speaker4_3_3_3, best cost 403.621 + 14098.7 = 14502.4 over 169 frames.
speaker4_3_3_3 three three three 
LOG (lattice-best-path[5.5.383~1445-bd1d]:main():lattice-best-path.cc:99) For utterance speaker4_4_4_4, best cost 363.51 + 13805.3 = 14168.8 over 167 frames.
speaker4_4_4_4 four four four 
LOG (lattice-best-path[5.5.383~1445-bd1d]:main():lattice-best-path.cc:99) For utterance speaker4_5_5_5, best cost 309.783 + 13785.6 = 14095.4 over 171 frames.
speaker4_5_5_5 five five five 
LOG (lattice-best-path[5.5.383~1445-bd1d]:main():lattice-best-path.cc:99) For utterance speaker4_6_6_6, best cost 329.179 + 16600.4 = 16929.6 over 199 frames.
speaker4_6_6_6 six six six 
LOG (lattice-best-path[5.5.383~1445-bd1d]:main():lattice-best-path.cc:99) For utterance speaker4_7_7_7, best cost 335.587 + 16428.5 = 16764.1 over 200 frames.
speaker4_7_7_7 seven seven seven 
LOG (lattice-best-path[5.5.383~1445-bd1d]:main():lattice-best-path.cc:99) For utterance speaker4_8_8_8, best cost 352.526 + 18682.5 = 19035 over 220 frames.
speaker4_8_8_8 eight eight eight 
LOG (lattice-best-path[5.5.383~1445-bd1d]:main():lattice-best-path.cc:124) Overall cost per frame is 85.4179 = 1.7767 [graph] + 83.6412 [acoustic] over 3803 frames.
LOG (lattice-best-path[5.5.383~1445-bd1d]:main():lattice-best-path.cc:128) Done 20 lattices, failed for 0
# Accounting: time=0 threads=1
# Ended (code 0) at Sat Aug 31 16:56:53 CST 2019, elapsed time 0 seconds
