# lattice-best-path --lm-scale=15 --word-symbol-table=exp/tri1/graph/words.txt "ark:gunzip -c exp/tri1/decode/lat.*.gz|" ark,t:exp/tri1/decode/scoring/15.tra 
# Started at Sat Aug 31 16:56:53 CST 2019
#
lattice-best-path --lm-scale=15 --word-symbol-table=exp/tri1/graph/words.txt 'ark:gunzip -c exp/tri1/decode/lat.*.gz|' ark,t:exp/tri1/decode/scoring/15.tra 
LOG (lattice-best-path[5.5.383~1445-bd1d]:main():lattice-best-path.cc:99) For utterance speaker3_0_0_0, best cost 299.134 + 14968.6 = 15267.8 over 182 frames.
speaker3_0_0_0 zero zero zero 
LOG (lattice-best-path[5.5.383~1445-bd1d]:main():lattice-best-path.cc:99) For utterance speaker3_1_1_1, best cost 302.602 + 13967.2 = 14269.8 over 173 frames.
speaker3_1_1_1 one one one 
LOG (lattice-best-path[5.5.383~1445-bd1d]:main():lattice-best-path.cc:99) For utterance speaker3_1_2_3, best cost 333.363 + 27994.8 = 28328.1 over 309 frames.
speaker3_1_2_3 one two nine 
LOG (lattice-best-path[5.5.383~1445-bd1d]:main():lattice-best-path.cc:99) For utterance speaker3_2_2_2, best cost 258.346 + 13505.9 = 13764.2 over 167 frames.
speaker3_2_2_2 two two two 
LOG (lattice-best-path[5.5.383~1445-bd1d]:main():lattice-best-path.cc:99) For utterance speaker3_3_3_3, best cost 356.029 + 14246.8 = 14602.8 over 169 frames.
speaker3_3_3_3 three three three 
LOG (lattice-best-path[5.5.383~1445-bd1d]:main():lattice-best-path.cc:99) For utterance speaker3_4_4_4, best cost 320.744 + 14009.8 = 14330.5 over 167 frames.
speaker3_4_4_4 four four four 
LOG (lattice-best-path[5.5.383~1445-bd1d]:main():lattice-best-path.cc:99) For utterance speaker3_5_5_5, best cost 272.923 + 13863 = 14135.9 over 171 frames.
speaker3_5_5_5 five five five 
LOG (lattice-best-path[5.5.383~1445-bd1d]:main():lattice-best-path.cc:99) For utterance speaker3_6_6_6, best cost 290.452 + 16709 = 16999.4 over 199 frames.
speaker3_6_6_6 six six six 
LOG (lattice-best-path[5.5.383~1445-bd1d]:main():lattice-best-path.cc:99) For utterance speaker3_7_7_7, best cost 295.703 + 16504.8 = 16800.5 over 200 frames.
speaker3_7_7_7 seven seven seven 
LOG (lattice-best-path[5.5.383~1445-bd1d]:main():lattice-best-path.cc:99) For utterance speaker3_8_8_8, best cost 310.823 + 18890.5 = 19201.4 over 220 frames.
speaker3_8_8_8 eight eight eight 
LOG (lattice-best-path[5.5.383~1445-bd1d]:main():lattice-best-path.cc:99) For utterance speaker4_0_0_0, best cost 299.134 + 14863.5 = 15162.6 over 182 frames.
speaker4_0_0_0 zero zero zero 
LOG (lattice-best-path[5.5.383~1445-bd1d]:main():lattice-best-path.cc:99) For utterance speaker4_1_1_1, best cost 302.602 + 13875.7 = 14178.3 over 173 frames.
speaker4_1_1_1 one one one 
LOG (lattice-best-path[5.5.383~1445-bd1d]:main():lattice-best-path.cc:99) For utterance speaker4_1_2_3, best cost 214.03 + 18004.9 = 18218.9 over 198 frames.
speaker4_1_2_3 two three 
LOG (lattice-best-path[5.5.383~1445-bd1d]:main():lattice-best-path.cc:99) For utterance speaker4_2_2_2, best cost 258.149 + 13281.9 = 13540.1 over 167 frames.
speaker4_2_2_2 two two two 
LOG (lattice-best-path[5.5.383~1445-bd1d]:main():lattice-best-path.cc:99) For utterance speaker4_3_3_3, best cost 356.136 + 14098.7 = 14454.9 over 169 frames.
speaker4_3_3_3 three three three 
LOG (lattice-best-path[5.5.383~1445-bd1d]:main():lattice-best-path.cc:99) For utterance speaker4_4_4_4, best cost 320.744 + 13805.3 = 14126 over 167 frames.
speaker4_4_4_4 four four four 
LOG (lattice-best-path[5.5.383~1445-bd1d]:main():lattice-best-path.cc:99) For utterance speaker4_5_5_5, best cost 273.338 + 13785.6 = 14059 over 171 frames.
speaker4_5_5_5 five five five 
LOG (lattice-best-path[5.5.383~1445-bd1d]:main():lattice-best-path.cc:99) For utterance speaker4_6_6_6, best cost 290.452 + 16600.4 = 16890.9 over 199 frames.
speaker4_6_6_6 six six six 
LOG (lattice-best-path[5.5.383~1445-bd1d]:main():lattice-best-path.cc:99) For utterance speaker4_7_7_7, best cost 296.106 + 16428.5 = 16724.6 over 200 frames.
speaker4_7_7_7 seven seven seven 
LOG (lattice-best-path[5.5.383~1445-bd1d]:main():lattice-best-path.cc:99) For utterance speaker4_8_8_8, best cost 311.052 + 18682.5 = 18993.5 over 220 frames.
speaker4_8_8_8 eight eight eight 
LOG (lattice-best-path[5.5.383~1445-bd1d]:main():lattice-best-path.cc:124) Overall cost per frame is 85.2089 = 1.56767 [graph] + 83.6412 [acoustic] over 3803 frames.
LOG (lattice-best-path[5.5.383~1445-bd1d]:main():lattice-best-path.cc:128) Done 20 lattices, failed for 0
# Accounting: time=0 threads=1
# Ended (code 0) at Sat Aug 31 16:56:53 CST 2019, elapsed time 0 seconds
