# lattice-best-path --lm-scale=11 --word-symbol-table=exp/tri1/graph/words.txt "ark:gunzip -c exp/tri1/decode/lat.*.gz|" ark,t:exp/tri1/decode/scoring/11.tra 
# Started at Sat Aug 31 16:56:53 CST 2019
#
lattice-best-path --lm-scale=11 --word-symbol-table=exp/tri1/graph/words.txt 'ark:gunzip -c exp/tri1/decode/lat.*.gz|' ark,t:exp/tri1/decode/scoring/11.tra 
LOG (lattice-best-path[5.5.383~1445-bd1d]:main():lattice-best-path.cc:99) For utterance speaker3_0_0_0, best cost 219.365 + 14968.6 = 15188 over 182 frames.
speaker3_0_0_0 zero zero zero 
LOG (lattice-best-path[5.5.383~1445-bd1d]:main():lattice-best-path.cc:99) For utterance speaker3_1_1_1, best cost 221.908 + 13967.2 = 14189.1 over 173 frames.
speaker3_1_1_1 one one one 
LOG (lattice-best-path[5.5.383~1445-bd1d]:main():lattice-best-path.cc:99) For utterance speaker3_1_2_3, best cost 244.466 + 27994.8 = 28239.3 over 309 frames.
speaker3_1_2_3 one two nine 
LOG (lattice-best-path[5.5.383~1445-bd1d]:main():lattice-best-path.cc:99) For utterance speaker3_2_2_2, best cost 189.454 + 13505.9 = 13695.3 over 167 frames.
speaker3_2_2_2 two two two 
LOG (lattice-best-path[5.5.383~1445-bd1d]:main():lattice-best-path.cc:99) For utterance speaker3_3_3_3, best cost 261.088 + 14246.8 = 14507.8 over 169 frames.
speaker3_3_3_3 three three three 
LOG (lattice-best-path[5.5.383~1445-bd1d]:main():lattice-best-path.cc:99) For utterance speaker3_4_4_4, best cost 235.212 + 14009.8 = 14245 over 167 frames.
speaker3_4_4_4 four four four 
LOG (lattice-best-path[5.5.383~1445-bd1d]:main():lattice-best-path.cc:99) For utterance speaker3_5_5_5, best cost 200.143 + 13863 = 14063.1 over 171 frames.
speaker3_5_5_5 five five five 
LOG (lattice-best-path[5.5.383~1445-bd1d]:main():lattice-best-path.cc:99) For utterance speaker3_6_6_6, best cost 212.998 + 16709 = 16922 over 199 frames.
speaker3_6_6_6 six six six 
LOG (lattice-best-path[5.5.383~1445-bd1d]:main():lattice-best-path.cc:99) For utterance speaker3_7_7_7, best cost 216.849 + 16504.8 = 16721.6 over 200 frames.
speaker3_7_7_7 seven seven seven 
LOG (lattice-best-path[5.5.383~1445-bd1d]:main():lattice-best-path.cc:99) For utterance speaker3_8_8_8, best cost 227.937 + 18890.5 = 19118.5 over 220 frames.
speaker3_8_8_8 eight eight eight 
LOG (lattice-best-path[5.5.383~1445-bd1d]:main():lattice-best-path.cc:99) For utterance speaker4_0_0_0, best cost 219.365 + 14863.5 = 15082.8 over 182 frames.
speaker4_0_0_0 zero zero zero 
LOG (lattice-best-path[5.5.383~1445-bd1d]:main():lattice-best-path.cc:99) For utterance speaker4_1_1_1, best cost 221.908 + 13875.7 = 14097.6 over 173 frames.
speaker4_1_1_1 one one one 
LOG (lattice-best-path[5.5.383~1445-bd1d]:main():lattice-best-path.cc:99) For utterance speaker4_1_2_3, best cost 156.955 + 18004.9 = 18161.9 over 198 frames.
speaker4_1_2_3 two three 
LOG (lattice-best-path[5.5.383~1445-bd1d]:main():lattice-best-path.cc:99) For utterance speaker4_2_2_2, best cost 189.31 + 13281.9 = 13471.2 over 167 frames.
speaker4_2_2_2 two two two 
LOG (lattice-best-path[5.5.383~1445-bd1d]:main():lattice-best-path.cc:99) For utterance speaker4_3_3_3, best cost 261.167 + 14098.7 = 14359.9 over 169 frames.
speaker4_3_3_3 three three three 
LOG (lattice-best-path[5.5.383~1445-bd1d]:main():lattice-best-path.cc:99) For utterance speaker4_4_4_4, best cost 235.212 + 13805.3 = 14040.5 over 167 frames.
speaker4_4_4_4 four four four 
LOG (lattice-best-path[5.5.383~1445-bd1d]:main():lattice-best-path.cc:99) For utterance speaker4_5_5_5, best cost 200.448 + 13785.6 = 13986.1 over 171 frames.
speaker4_5_5_5 five five five 
LOG (lattice-best-path[5.5.383~1445-bd1d]:main():lattice-best-path.cc:99) For utterance speaker4_6_6_6, best cost 212.998 + 16600.4 = 16813.4 over 199 frames.
speaker4_6_6_6 six six six 
LOG (lattice-best-path[5.5.383~1445-bd1d]:main():lattice-best-path.cc:99) For utterance speaker4_7_7_7, best cost 217.145 + 16428.5 = 16645.7 over 200 frames.
speaker4_7_7_7 seven seven seven 
LOG (lattice-best-path[5.5.383~1445-bd1d]:main():lattice-best-path.cc:99) For utterance speaker4_8_8_8, best cost 228.105 + 18682.5 = 18910.6 over 220 frames.
speaker4_8_8_8 eight eight eight 
LOG (lattice-best-path[5.5.383~1445-bd1d]:main():lattice-best-path.cc:124) Overall cost per frame is 84.7908 = 1.14963 [graph] + 83.6412 [acoustic] over 3803 frames.
LOG (lattice-best-path[5.5.383~1445-bd1d]:main():lattice-best-path.cc:128) Done 20 lattices, failed for 0
# Accounting: time=0 threads=1
# Ended (code 0) at Sat Aug 31 16:56:53 CST 2019, elapsed time 0 seconds
