# lattice-best-path --lm-scale=10 --word-symbol-table=exp/mono/graph/words.txt "ark:gunzip -c exp/mono/decode/lat.*.gz|" ark,t:exp/mono/decode/scoring/10.tra 
# Started at Sat Aug 31 16:56:48 CST 2019
#
lattice-best-path --lm-scale=10 --word-symbol-table=exp/mono/graph/words.txt 'ark:gunzip -c exp/mono/decode/lat.*.gz|' ark,t:exp/mono/decode/scoring/10.tra 
LOG (lattice-best-path[5.5.383~1445-bd1d]:main():lattice-best-path.cc:99) For utterance speaker3_0_0_0, best cost 214.836 + 15071.7 = 15286.5 over 182 frames.
speaker3_0_0_0 zero zero zero 
LOG (lattice-best-path[5.5.383~1445-bd1d]:main():lattice-best-path.cc:99) For utterance speaker3_1_1_1, best cost 226.174 + 14368.4 = 14594.6 over 173 frames.
speaker3_1_1_1 one one one 
LOG (lattice-best-path[5.5.383~1445-bd1d]:main():lattice-best-path.cc:99) For utterance speaker3_1_2_3, best cost 228.837 + 27178.9 = 27407.8 over 309 frames.
speaker3_1_2_3 one two one 
LOG (lattice-best-path[5.5.383~1445-bd1d]:main():lattice-best-path.cc:99) For utterance speaker3_2_2_2, best cost 185.589 + 13696.3 = 13881.9 over 167 frames.
speaker3_2_2_2 two two two 
LOG (lattice-best-path[5.5.383~1445-bd1d]:main():lattice-best-path.cc:99) For utterance speaker3_3_3_3, best cost 244.032 + 14455.2 = 14699.3 over 169 frames.
speaker3_3_3_3 three three three 
LOG (lattice-best-path[5.5.383~1445-bd1d]:main():lattice-best-path.cc:99) For utterance speaker3_4_4_4, best cost 213.537 + 14126.3 = 14339.9 over 167 frames.
speaker3_4_4_4 four four four 
LOG (lattice-best-path[5.5.383~1445-bd1d]:main():lattice-best-path.cc:99) For utterance speaker3_5_5_5, best cost 197.923 + 13957.4 = 14155.3 over 171 frames.
speaker3_5_5_5 five five five 
LOG (lattice-best-path[5.5.383~1445-bd1d]:main():lattice-best-path.cc:99) For utterance speaker3_6_6_6, best cost 219.604 + 17049.6 = 17269.2 over 199 frames.
speaker3_6_6_6 six six six 
LOG (lattice-best-path[5.5.383~1445-bd1d]:main():lattice-best-path.cc:99) For utterance speaker3_7_7_7, best cost 229.425 + 16384.3 = 16613.7 over 200 frames.
speaker3_7_7_7 seven seven seven 
LOG (lattice-best-path[5.5.383~1445-bd1d]:main():lattice-best-path.cc:99) For utterance speaker3_8_8_8, best cost 212.809 + 19026.7 = 19239.5 over 220 frames.
speaker3_8_8_8 eight eight eight 
LOG (lattice-best-path[5.5.383~1445-bd1d]:main():lattice-best-path.cc:99) For utterance speaker4_0_0_0, best cost 214.836 + 14971.2 = 15186.1 over 182 frames.
speaker4_0_0_0 zero zero zero 
LOG (lattice-best-path[5.5.383~1445-bd1d]:main():lattice-best-path.cc:99) For utterance speaker4_1_1_1, best cost 226.174 + 14268.3 = 14494.5 over 173 frames.
speaker4_1_1_1 one one one 
LOG (lattice-best-path[5.5.383~1445-bd1d]:main():lattice-best-path.cc:99) For utterance speaker4_1_2_3, best cost 155.383 + 17902.6 = 18058 over 198 frames.
speaker4_1_2_3 two three 
LOG (lattice-best-path[5.5.383~1445-bd1d]:main():lattice-best-path.cc:99) For utterance speaker4_2_2_2, best cost 185.589 + 13508.8 = 13694.4 over 167 frames.
speaker4_2_2_2 two two two 
LOG (lattice-best-path[5.5.383~1445-bd1d]:main():lattice-best-path.cc:99) For utterance speaker4_3_3_3, best cost 244.164 + 14365.8 = 14610 over 169 frames.
speaker4_3_3_3 three three three 
LOG (lattice-best-path[5.5.383~1445-bd1d]:main():lattice-best-path.cc:99) For utterance speaker4_4_4_4, best cost 213.537 + 13911.4 = 14125 over 167 frames.
speaker4_4_4_4 four four four 
LOG (lattice-best-path[5.5.383~1445-bd1d]:main():lattice-best-path.cc:99) For utterance speaker4_5_5_5, best cost 198.265 + 13879.2 = 14077.4 over 171 frames.
speaker4_5_5_5 five five five 
LOG (lattice-best-path[5.5.383~1445-bd1d]:main():lattice-best-path.cc:99) For utterance speaker4_6_6_6, best cost 219.604 + 16840.5 = 17060.2 over 199 frames.
speaker4_6_6_6 six six six 
LOG (lattice-best-path[5.5.383~1445-bd1d]:main():lattice-best-path.cc:99) For utterance speaker4_7_7_7, best cost 229.425 + 16299.5 = 16529 over 200 frames.
speaker4_7_7_7 seven seven seven 
LOG (lattice-best-path[5.5.383~1445-bd1d]:main():lattice-best-path.cc:99) For utterance speaker4_8_8_8, best cost 212.809 + 18790.2 = 19003 over 220 frames.
speaker4_8_8_8 eight eight eight 
LOG (lattice-best-path[5.5.383~1445-bd1d]:main():lattice-best-path.cc:124) Overall cost per frame is 85.2814 = 1.12347 [graph] + 84.1579 [acoustic] over 3803 frames.
LOG (lattice-best-path[5.5.383~1445-bd1d]:main():lattice-best-path.cc:128) Done 20 lattices, failed for 0
# Accounting: time=0 threads=1
# Ended (code 0) at Sat Aug 31 16:56:48 CST 2019, elapsed time 0 seconds
