# gmm-latgen-faster --max-active=7000 --beam=13.0 --lattice-beam=6.0 --acoustic-scale=0.083333 --allow-partial=true --word-symbol-table=exp/tri1/graph/words.txt exp/tri1/final.mdl exp/tri1/graph/HCLG.fst "ark,s,cs:apply-cmvn  --utt2spk=ark:data/test/split1/1/utt2spk scp:data/test/split1/1/cmvn.scp scp:data/test/split1/1/feats.scp ark:- | add-deltas  ark:- ark:- |" "ark:|gzip -c > exp/tri1/decode/lat.1.gz" 
# Started at Sat Aug 31 16:56:52 CST 2019
#
gmm-latgen-faster --max-active=7000 --beam=13.0 --lattice-beam=6.0 --acoustic-scale=0.083333 --allow-partial=true --word-symbol-table=exp/tri1/graph/words.txt exp/tri1/final.mdl exp/tri1/graph/HCLG.fst 'ark,s,cs:apply-cmvn  --utt2spk=ark:data/test/split1/1/utt2spk scp:data/test/split1/1/cmvn.scp scp:data/test/split1/1/feats.scp ark:- | add-deltas  ark:- ark:- |' 'ark:|gzip -c > exp/tri1/decode/lat.1.gz' 
apply-cmvn --utt2spk=ark:data/test/split1/1/utt2spk scp:data/test/split1/1/cmvn.scp scp:data/test/split1/1/feats.scp ark:- 
add-deltas ark:- ark:- 
speaker3_0_0_0 zero zero zero 
LOG (gmm-latgen-faster[5.5.383~1445-bd1d]:DecodeUtteranceLatticeFaster():decoder-wrappers.cc:289) Log-like per frame for utterance speaker3_0_0_0 is -6.96331 over 182 frames.
speaker3_1_1_1 one one one 
LOG (gmm-latgen-faster[5.5.383~1445-bd1d]:DecodeUtteranceLatticeFaster():decoder-wrappers.cc:289) Log-like per frame for utterance speaker3_1_1_1 is -6.84452 over 173 frames.
speaker3_1_2_3 one two nine 
LOG (gmm-latgen-faster[5.5.383~1445-bd1d]:DecodeUtteranceLatticeFaster():decoder-wrappers.cc:289) Log-like per frame for utterance speaker3_1_2_3 is -7.62173 over 309 frames.
speaker3_2_2_2 two two two 
LOG (gmm-latgen-faster[5.5.383~1445-bd1d]:DecodeUtteranceLatticeFaster():decoder-wrappers.cc:289) Log-like per frame for utterance speaker3_2_2_2 is -6.84257 over 167 frames.
speaker3_3_3_3 three three three 
LOG (gmm-latgen-faster[5.5.383~1445-bd1d]:DecodeUtteranceLatticeFaster():decoder-wrappers.cc:289) Log-like per frame for utterance speaker3_3_3_3 is -7.16544 over 169 frames.
speaker3_4_4_4 four four four 
LOG (gmm-latgen-faster[5.5.383~1445-bd1d]:DecodeUtteranceLatticeFaster():decoder-wrappers.cc:289) Log-like per frame for utterance speaker3_4_4_4 is -7.11892 over 167 frames.
speaker3_5_5_5 five five five 
LOG (gmm-latgen-faster[5.5.383~1445-bd1d]:DecodeUtteranceLatticeFaster():decoder-wrappers.cc:289) Log-like per frame for utterance speaker3_5_5_5 is -6.86222 over 171 frames.
speaker3_6_6_6 six six six 
LOG (gmm-latgen-faster[5.5.383~1445-bd1d]:DecodeUtteranceLatticeFaster():decoder-wrappers.cc:289) Log-like per frame for utterance speaker3_6_6_6 is -7.09434 over 199 frames.
speaker3_7_7_7 seven seven seven 
LOG (gmm-latgen-faster[5.5.383~1445-bd1d]:DecodeUtteranceLatticeFaster():decoder-wrappers.cc:289) Log-like per frame for utterance speaker3_7_7_7 is -6.97553 over 200 frames.
speaker3_8_8_8 eight eight eight 
LOG (gmm-latgen-faster[5.5.383~1445-bd1d]:DecodeUtteranceLatticeFaster():decoder-wrappers.cc:289) Log-like per frame for utterance speaker3_8_8_8 is -7.24967 over 220 frames.
LOG (apply-cmvn[5.5.383~1445-bd1d]:main():apply-cmvn.cc:162) Applied cepstral mean normalization to 20 utterances, errors on 0
speaker4_0_0_0 zero zero zero 
LOG (gmm-latgen-faster[5.5.383~1445-bd1d]:DecodeUtteranceLatticeFaster():decoder-wrappers.cc:289) Log-like per frame for utterance speaker4_0_0_0 is -6.91517 over 182 frames.
speaker4_1_1_1 one one one 
LOG (gmm-latgen-faster[5.5.383~1445-bd1d]:DecodeUtteranceLatticeFaster():decoder-wrappers.cc:289) Log-like per frame for utterance speaker4_1_1_1 is -6.80046 over 173 frames.
speaker4_1_2_3 two three 
LOG (gmm-latgen-faster[5.5.383~1445-bd1d]:DecodeUtteranceLatticeFaster():decoder-wrappers.cc:289) Log-like per frame for utterance speaker4_1_2_3 is -7.64986 over 198 frames.
speaker4_2_2_2 two two two 
LOG (gmm-latgen-faster[5.5.383~1445-bd1d]:DecodeUtteranceLatticeFaster():decoder-wrappers.cc:289) Log-like per frame for utterance speaker4_2_2_2 is -6.73073 over 167 frames.
speaker4_3_3_3 three three three 
LOG (gmm-latgen-faster[5.5.383~1445-bd1d]:DecodeUtteranceLatticeFaster():decoder-wrappers.cc:289) Log-like per frame for utterance speaker4_3_3_3 is -7.0925 over 169 frames.
speaker4_4_4_4 four four four 
LOG (gmm-latgen-faster[5.5.383~1445-bd1d]:DecodeUtteranceLatticeFaster():decoder-wrappers.cc:289) Log-like per frame for utterance speaker4_4_4_4 is -7.01686 over 167 frames.
speaker4_5_5_5 five five five 
LOG (gmm-latgen-faster[5.5.383~1445-bd1d]:DecodeUtteranceLatticeFaster():decoder-wrappers.cc:289) Log-like per frame for utterance speaker4_5_5_5 is -6.82468 over 171 frames.
speaker4_6_6_6 six six six 
LOG (gmm-latgen-faster[5.5.383~1445-bd1d]:DecodeUtteranceLatticeFaster():decoder-wrappers.cc:289) Log-like per frame for utterance speaker4_6_6_6 is -7.04888 over 199 frames.
speaker4_7_7_7 seven seven seven 
LOG (gmm-latgen-faster[5.5.383~1445-bd1d]:DecodeUtteranceLatticeFaster():decoder-wrappers.cc:289) Log-like per frame for utterance speaker4_7_7_7 is -6.9439 over 200 frames.
speaker4_8_8_8 eight eight eight 
LOG (gmm-latgen-faster[5.5.383~1445-bd1d]:DecodeUtteranceLatticeFaster():decoder-wrappers.cc:289) Log-like per frame for utterance speaker4_8_8_8 is -7.17093 over 220 frames.
LOG (gmm-latgen-faster[5.5.383~1445-bd1d]:main():gmm-latgen-faster.cc:176) Time taken 0.224881s: real-time factor assuming 100 frames/sec is 0.00591325
LOG (gmm-latgen-faster[5.5.383~1445-bd1d]:main():gmm-latgen-faster.cc:179) Done 20 utterances, failed for 0
LOG (gmm-latgen-faster[5.5.383~1445-bd1d]:main():gmm-latgen-faster.cc:181) Overall log-likelihood per frame is -7.07458 over 3803 frames.
# Accounting: time=1 threads=1
# Ended (code 0) at Sat Aug 31 16:56:53 CST 2019, elapsed time 1 seconds
