# gmm-align-compiled --transition-scale=1.0 --acoustic-scale=0.1 --self-loop-scale=0.1 --beam=10 --retry-beam=40 --careful=false "gmm-boost-silence --boost=1.0 1 exp/tri1/10.mdl - |" "ark:gunzip -c exp/tri1/fsts.1.gz|" "ark,s,cs:apply-cmvn  --utt2spk=ark:data/train/split1/1/utt2spk scp:data/train/split1/1/cmvn.scp scp:data/train/split1/1/feats.scp ark:- | add-deltas  ark:- ark:- |" "ark:|gzip -c >exp/tri1/ali.1.gz" 
# Started at Sat Aug 31 16:56:50 CST 2019
#
gmm-align-compiled --transition-scale=1.0 --acoustic-scale=0.1 --self-loop-scale=0.1 --beam=10 --retry-beam=40 --careful=false 'gmm-boost-silence --boost=1.0 1 exp/tri1/10.mdl - |' 'ark:gunzip -c exp/tri1/fsts.1.gz|' 'ark,s,cs:apply-cmvn  --utt2spk=ark:data/train/split1/1/utt2spk scp:data/train/split1/1/cmvn.scp scp:data/train/split1/1/feats.scp ark:- | add-deltas  ark:- ark:- |' 'ark:|gzip -c >exp/tri1/ali.1.gz' 
gmm-boost-silence --boost=1.0 1 exp/tri1/10.mdl - 
WARNING (gmm-boost-silence[5.5.383~1445-bd1d]:main():gmm-boost-silence.cc:82) The pdfs for the silence phones may be shared by other phones (note: this probably does not matter.)
LOG (gmm-boost-silence[5.5.383~1445-bd1d]:main():gmm-boost-silence.cc:93) Boosted weights for 4 pdfs, by factor of 1
LOG (gmm-boost-silence[5.5.383~1445-bd1d]:main():gmm-boost-silence.cc:103) Wrote model to -
apply-cmvn --utt2spk=ark:data/train/split1/1/utt2spk scp:data/train/split1/1/cmvn.scp scp:data/train/split1/1/feats.scp ark:- 
add-deltas ark:- ark:- 
LOG (gmm-align-compiled[5.5.383~1445-bd1d]:main():gmm-align-compiled.cc:127) speaker1_0_0_0
LOG (gmm-align-compiled[5.5.383~1445-bd1d]:main():gmm-align-compiled.cc:127) speaker1_1_1_1
LOG (gmm-align-compiled[5.5.383~1445-bd1d]:main():gmm-align-compiled.cc:127) speaker1_2_2_2
LOG (gmm-align-compiled[5.5.383~1445-bd1d]:main():gmm-align-compiled.cc:127) speaker1_3_3_3
LOG (gmm-align-compiled[5.5.383~1445-bd1d]:main():gmm-align-compiled.cc:127) speaker1_4_4_4
LOG (gmm-align-compiled[5.5.383~1445-bd1d]:main():gmm-align-compiled.cc:127) speaker1_5_5_5
LOG (gmm-align-compiled[5.5.383~1445-bd1d]:main():gmm-align-compiled.cc:127) speaker1_6_6_6
LOG (gmm-align-compiled[5.5.383~1445-bd1d]:main():gmm-align-compiled.cc:127) speaker1_7_7_7
LOG (gmm-align-compiled[5.5.383~1445-bd1d]:main():gmm-align-compiled.cc:127) speaker1_8_8_8
LOG (gmm-align-compiled[5.5.383~1445-bd1d]:main():gmm-align-compiled.cc:127) speaker1_9_9_9
LOG (gmm-align-compiled[5.5.383~1445-bd1d]:main():gmm-align-compiled.cc:127) speaker2_0_0_0
LOG (apply-cmvn[5.5.383~1445-bd1d]:main():apply-cmvn.cc:162) Applied cepstral mean normalization to 20 utterances, errors on 0
LOG (gmm-align-compiled[5.5.383~1445-bd1d]:main():gmm-align-compiled.cc:127) speaker2_1_2_3
LOG (gmm-align-compiled[5.5.383~1445-bd1d]:main():gmm-align-compiled.cc:127) speaker2_1_2_9
LOG (gmm-align-compiled[5.5.383~1445-bd1d]:main():gmm-align-compiled.cc:127) speaker2_2_3_5
LOG (gmm-align-compiled[5.5.383~1445-bd1d]:main():gmm-align-compiled.cc:127) speaker2_3_5_7
LOG (gmm-align-compiled[5.5.383~1445-bd1d]:main():gmm-align-compiled.cc:127) speaker2_6_5_3
LOG (gmm-align-compiled[5.5.383~1445-bd1d]:main():gmm-align-compiled.cc:127) speaker2_6_5_4
LOG (gmm-align-compiled[5.5.383~1445-bd1d]:main():gmm-align-compiled.cc:127) speaker2_6_6_6
LOG (gmm-align-compiled[5.5.383~1445-bd1d]:main():gmm-align-compiled.cc:127) speaker2_7_5_3
LOG (gmm-align-compiled[5.5.383~1445-bd1d]:main():gmm-align-compiled.cc:127) speaker2_8_5_2
LOG (gmm-align-compiled[5.5.383~1445-bd1d]:main():gmm-align-compiled.cc:135) Overall log-likelihood per frame is -84.0002 over 3787 frames.
LOG (gmm-align-compiled[5.5.383~1445-bd1d]:main():gmm-align-compiled.cc:137) Retried 0 out of 20 utterances.
LOG (gmm-align-compiled[5.5.383~1445-bd1d]:main():gmm-align-compiled.cc:139) Done 20, errors on 0
# Accounting: time=0 threads=1
# Ended (code 0) at Sat Aug 31 16:56:50 CST 2019, elapsed time 0 seconds
