# build-tree --verbose=1 --max-leaves=2000 --cluster-thresh=-1 exp/tri1/treeacc data/lang/phones/roots.int exp/tri1/questions.qst data/lang/topo exp/tri1/tree 
# Started at Sat Aug 31 16:56:49 CST 2019
#
build-tree --verbose=1 --max-leaves=2000 --cluster-thresh=-1 exp/tri1/treeacc data/lang/phones/roots.int exp/tri1/questions.qst data/lang/topo exp/tri1/tree 
LOG (build-tree[5.5.383~1445-bd1d]:main():build-tree.cc:104) Number of separate statistics is 227
LOG (build-tree[5.5.383~1445-bd1d]:BuildTree():build-tree.cc:161) BuildTree: before building trees, map has 22 leaves.
LOG (build-tree[5.5.383~1445-bd1d]:SplitDecisionTree():build-tree-utils.cc:577) DoDecisionTreeSplit: split 20 times, #leaves now 42
LOG (build-tree[5.5.383~1445-bd1d]:BuildTree():build-tree.cc:187) Setting clustering threshold to smallest split 306.921
VLOG[1] (build-tree[5.5.383~1445-bd1d]:BuildTree():build-tree.cc:196) After decision tree split, num-leaves = 42, like-impr = 3.46196 per frame over 3787 frames.
VLOG[1] (build-tree[5.5.383~1445-bd1d]:BuildTree():build-tree.cc:200) Including just phones that were split, improvement is 3.46196 per frame over 3787 frames.
LOG (build-tree[5.5.383~1445-bd1d]:BuildTree():build-tree.cc:215) BuildTree: removed 1 leaves.
VLOG[1] (build-tree[5.5.383~1445-bd1d]:ClusterEventMapToNClustersRestrictedByMap():build-tree-utils.cc:914) Number of non-empty clusters in map = 21
VLOG[1] (build-tree[5.5.383~1445-bd1d]:ClusterEventMapToNClustersRestrictedByMap():build-tree-utils.cc:915) Number of non-empty clusters = 40
LOG (build-tree[5.5.383~1445-bd1d]:BuildTree():build-tree.cc:231) BuildTree: Rounded num leaves to multiple of 8 by removing 1 leaves.
VLOG[1] (build-tree[5.5.383~1445-bd1d]:BuildTree():build-tree.cc:256) Objf change due to clustering -0.161506 per frame.
VLOG[1] (build-tree[5.5.383~1445-bd1d]:BuildTree():build-tree.cc:259) Normalizing over only split phones, this is: -0.161506 per frame.
VLOG[1] (build-tree[5.5.383~1445-bd1d]:BuildTree():build-tree.cc:262) Num-leaves is now 40
VLOG[1] (build-tree[5.5.383~1445-bd1d]:main():build-tree.cc:143) For pdf-id 1, low count 0
VLOG[1] (build-tree[5.5.383~1445-bd1d]:main():build-tree.cc:143) For pdf-id 2, low count 57
VLOG[1] (build-tree[5.5.383~1445-bd1d]:main():build-tree.cc:143) For pdf-id 3, low count 33
VLOG[1] (build-tree[5.5.383~1445-bd1d]:main():build-tree.cc:143) For pdf-id 4, low count 38
VLOG[1] (build-tree[5.5.383~1445-bd1d]:main():build-tree.cc:143) For pdf-id 5, low count 45
VLOG[1] (build-tree[5.5.383~1445-bd1d]:main():build-tree.cc:143) For pdf-id 6, low count 50
VLOG[1] (build-tree[5.5.383~1445-bd1d]:main():build-tree.cc:143) For pdf-id 7, low count 94
VLOG[1] (build-tree[5.5.383~1445-bd1d]:main():build-tree.cc:143) For pdf-id 8, low count 11
VLOG[1] (build-tree[5.5.383~1445-bd1d]:main():build-tree.cc:143) For pdf-id 9, low count 68
VLOG[1] (build-tree[5.5.383~1445-bd1d]:main():build-tree.cc:143) For pdf-id 10, low count 64
VLOG[1] (build-tree[5.5.383~1445-bd1d]:main():build-tree.cc:143) For pdf-id 11, low count 55
VLOG[1] (build-tree[5.5.383~1445-bd1d]:main():build-tree.cc:143) For pdf-id 12, low count 32
VLOG[1] (build-tree[5.5.383~1445-bd1d]:main():build-tree.cc:143) For pdf-id 13, low count 78
VLOG[1] (build-tree[5.5.383~1445-bd1d]:main():build-tree.cc:143) For pdf-id 17, low count 74
VLOG[1] (build-tree[5.5.383~1445-bd1d]:main():build-tree.cc:143) For pdf-id 18, low count 92
VLOG[1] (build-tree[5.5.383~1445-bd1d]:main():build-tree.cc:143) For pdf-id 19, low count 51
VLOG[1] (build-tree[5.5.383~1445-bd1d]:main():build-tree.cc:143) For pdf-id 21, low count 23
VLOG[1] (build-tree[5.5.383~1445-bd1d]:main():build-tree.cc:143) For pdf-id 23, low count 65
VLOG[1] (build-tree[5.5.383~1445-bd1d]:main():build-tree.cc:143) For pdf-id 24, low count 24
VLOG[1] (build-tree[5.5.383~1445-bd1d]:main():build-tree.cc:143) For pdf-id 25, low count 65
VLOG[1] (build-tree[5.5.383~1445-bd1d]:main():build-tree.cc:143) For pdf-id 26, low count 24
VLOG[1] (build-tree[5.5.383~1445-bd1d]:main():build-tree.cc:143) For pdf-id 29, low count 48
VLOG[1] (build-tree[5.5.383~1445-bd1d]:main():build-tree.cc:143) For pdf-id 30, low count 73
VLOG[1] (build-tree[5.5.383~1445-bd1d]:main():build-tree.cc:143) For pdf-id 34, low count 43
VLOG[1] (build-tree[5.5.383~1445-bd1d]:main():build-tree.cc:143) For pdf-id 35, low count 79
VLOG[1] (build-tree[5.5.383~1445-bd1d]:main():build-tree.cc:143) For pdf-id 36, low count 73
VLOG[1] (build-tree[5.5.383~1445-bd1d]:main():build-tree.cc:143) For pdf-id 37, low count 39
VLOG[1] (build-tree[5.5.383~1445-bd1d]:main():build-tree.cc:143) For pdf-id 38, low count 46
VLOG[1] (build-tree[5.5.383~1445-bd1d]:main():build-tree.cc:143) For pdf-id 39, low count 32
WARNING (build-tree[5.5.383~1445-bd1d]:main():build-tree.cc:185) Saw no stats for following phones: 2 3 4 5 6 7 8 9 10 11 12 14 15 16 18 19 20 22 23 24 26 28 29 30 32 33 34 36 37 38 39 40 42 43 46 47 48 50 53 54 55 57 58 59 62 65 66 69 70 72 73 74 75 77 78 80 82 83 86 88 89 90 
LOG (build-tree[5.5.383~1445-bd1d]:main():build-tree.cc:189) Wrote tree
# Accounting: time=0 threads=1
# Ended (code 0) at Sat Aug 31 16:56:49 CST 2019, elapsed time 0 seconds
