# gmm-init-model --write-occs=exp/tri1/1.occs exp/tri1/tree exp/tri1/treeacc data/lang/topo exp/tri1/1.mdl 
# Started at Sat Aug 31 16:56:49 CST 2019
#
gmm-init-model --write-occs=exp/tri1/1.occs exp/tri1/tree exp/tri1/treeacc data/lang/topo exp/tri1/1.mdl 
LOG (gmm-init-model[5.5.383~1445-bd1d]:main():gmm-init-model.cc:271) Number of separate statistics is 227
WARNING (gmm-init-model[5.5.383~1445-bd1d]:InitAmGmm():gmm-init-model.cc:55) Tree has pdf-id 1 with no stats; corresponding phone list: 6 7 8 9 10 
WARNING (gmm-init-model[5.5.383~1445-bd1d]:InitAmGmm():gmm-init-model.cc:83) Very small count for state 2: 57; corresponding phone list: 11 12 13 14 
WARNING (gmm-init-model[5.5.383~1445-bd1d]:InitAmGmm():gmm-init-model.cc:83) Very small count for state 3: 33; corresponding phone list: 15 16 17 18 
WARNING (gmm-init-model[5.5.383~1445-bd1d]:InitAmGmm():gmm-init-model.cc:83) Very small count for state 4: 38; corresponding phone list: 19 20 21 22 
WARNING (gmm-init-model[5.5.383~1445-bd1d]:InitAmGmm():gmm-init-model.cc:83) Very small count for state 5: 45; corresponding phone list: 23 24 25 26 
WARNING (gmm-init-model[5.5.383~1445-bd1d]:InitAmGmm():gmm-init-model.cc:83) Very small count for state 6: 50; corresponding phone list: 27 28 29 30 
WARNING (gmm-init-model[5.5.383~1445-bd1d]:InitAmGmm():gmm-init-model.cc:83) Very small count for state 7: 94; corresponding phone list: 31 32 33 34 
WARNING (gmm-init-model[5.5.383~1445-bd1d]:InitAmGmm():gmm-init-model.cc:83) Very small count for state 8: 11; corresponding phone list: 35 36 37 38 
WARNING (gmm-init-model[5.5.383~1445-bd1d]:InitAmGmm():gmm-init-model.cc:83) Very small count for state 9: 68; corresponding phone list: 39 40 41 42 
WARNING (gmm-init-model[5.5.383~1445-bd1d]:InitAmGmm():gmm-init-model.cc:83) Very small count for state 10: 64; corresponding phone list: 43 44 45 46 
WARNING (gmm-init-model[5.5.383~1445-bd1d]:InitAmGmm():gmm-init-model.cc:83) Very small count for state 11: 55; corresponding phone list: 47 48 49 50 
WARNING (gmm-init-model[5.5.383~1445-bd1d]:InitAmGmm():gmm-init-model.cc:83) Very small count for state 12: 32; corresponding phone list: 51 52 53 54 
WARNING (gmm-init-model[5.5.383~1445-bd1d]:InitAmGmm():gmm-init-model.cc:83) Very small count for state 13: 78; corresponding phone list: 55 56 57 58 
WARNING (gmm-init-model[5.5.383~1445-bd1d]:InitAmGmm():gmm-init-model.cc:83) Very small count for state 17: 74; corresponding phone list: 71 72 73 74 
WARNING (gmm-init-model[5.5.383~1445-bd1d]:InitAmGmm():gmm-init-model.cc:83) Very small count for state 18: 92; corresponding phone list: 75 76 77 78 
WARNING (gmm-init-model[5.5.383~1445-bd1d]:InitAmGmm():gmm-init-model.cc:83) Very small count for state 19: 51; corresponding phone list: 79 80 81 82 
WARNING (gmm-init-model[5.5.383~1445-bd1d]:InitAmGmm():gmm-init-model.cc:83) Very small count for state 21: 23; corresponding phone list: 87 88 89 90 
WARNING (gmm-init-model[5.5.383~1445-bd1d]:InitAmGmm():gmm-init-model.cc:83) Very small count for state 23: 65; corresponding phone list: 75 76 77 78 
WARNING (gmm-init-model[5.5.383~1445-bd1d]:InitAmGmm():gmm-init-model.cc:83) Very small count for state 24: 24; corresponding phone list: 1 2 3 4 5 
WARNING (gmm-init-model[5.5.383~1445-bd1d]:InitAmGmm():gmm-init-model.cc:83) Very small count for state 25: 65; corresponding phone list: 43 44 45 46 
WARNING (gmm-init-model[5.5.383~1445-bd1d]:InitAmGmm():gmm-init-model.cc:83) Very small count for state 26: 24; corresponding phone list: 31 32 33 34 
WARNING (gmm-init-model[5.5.383~1445-bd1d]:InitAmGmm():gmm-init-model.cc:83) Very small count for state 29: 48; corresponding phone list: 39 40 41 42 
WARNING (gmm-init-model[5.5.383~1445-bd1d]:InitAmGmm():gmm-init-model.cc:83) Very small count for state 30: 73; corresponding phone list: 43 44 45 46 
WARNING (gmm-init-model[5.5.383~1445-bd1d]:InitAmGmm():gmm-init-model.cc:83) Very small count for state 34: 43; corresponding phone list: 15 16 17 18 
WARNING (gmm-init-model[5.5.383~1445-bd1d]:InitAmGmm():gmm-init-model.cc:83) Very small count for state 35: 79; corresponding phone list: 31 32 33 34 
WARNING (gmm-init-model[5.5.383~1445-bd1d]:InitAmGmm():gmm-init-model.cc:83) Very small count for state 36: 73; corresponding phone list: 59 60 61 62 
WARNING (gmm-init-model[5.5.383~1445-bd1d]:InitAmGmm():gmm-init-model.cc:83) Very small count for state 37: 39; corresponding phone list: 47 48 49 50 
WARNING (gmm-init-model[5.5.383~1445-bd1d]:InitAmGmm():gmm-init-model.cc:83) Very small count for state 38: 46; corresponding phone list: 87 88 89 90 
WARNING (gmm-init-model[5.5.383~1445-bd1d]:InitAmGmm():gmm-init-model.cc:83) Very small count for state 39: 32; corresponding phone list: 27 28 29 30 
LOG (gmm-init-model[5.5.383~1445-bd1d]:main():gmm-init-model.cc:306) Wrote model.
# Accounting: time=0 threads=1
# Ended (code 0) at Sat Aug 31 16:56:49 CST 2019, elapsed time 0 seconds
