# gmm-est --mix-up=2720 --power=0.25 --write-occs=exp/tri1/4.occs exp/tri1/3.mdl "gmm-sum-accs - exp/tri1/3.*.acc |" exp/tri1/4.mdl 
# Started at Sat Aug 31 16:56:49 CST 2019
#
gmm-est --mix-up=2720 --power=0.25 --write-occs=exp/tri1/4.occs exp/tri1/3.mdl 'gmm-sum-accs - exp/tri1/3.*.acc |' exp/tri1/4.mdl 
gmm-sum-accs - exp/tri1/3.1.acc 
LOG (gmm-sum-accs[5.5.383~1445-bd1d]:main():gmm-sum-accs.cc:63) Summed 1 stats, total count 3787, avg like/frame -89.2366
LOG (gmm-sum-accs[5.5.383~1445-bd1d]:main():gmm-sum-accs.cc:66) Total count of stats is 3787
LOG (gmm-sum-accs[5.5.383~1445-bd1d]:main():gmm-sum-accs.cc:67) Written stats to -
LOG (gmm-est[5.5.383~1445-bd1d]:MleUpdate():transition-model.cc:528) TransitionModel::Update, objf change is 0 per frame over 3787 frames. 
LOG (gmm-est[5.5.383~1445-bd1d]:MleUpdate():transition-model.cc:531) 6 probabilities floored, 239 out of 326 transition-states skipped due to insuffient data (it is normal to have some skipped.)
LOG (gmm-est[5.5.383~1445-bd1d]:main():gmm-est.cc:102) Transition model update: Overall 0 log-like improvement per frame over 3787 frames.
WARNING (gmm-est[5.5.383~1445-bd1d]:MleDiagGmmUpdate():mle-diag-gmm.cc:359) Too little data - removing Gaussian (weight 0.009521, occupation count 6.912023, vector size 39)
WARNING (gmm-est[5.5.383~1445-bd1d]:MleDiagGmmUpdate():mle-diag-gmm.cc:359) Too little data - removing Gaussian (weight 0.010856, occupation count 7.881460, vector size 39)
WARNING (gmm-est[5.5.383~1445-bd1d]:MleDiagGmmUpdate():mle-diag-gmm.cc:359) Too little data - removing Gaussian (weight 0.006501, occupation count 4.719608, vector size 39)
WARNING (gmm-est[5.5.383~1445-bd1d]:MleDiagGmmUpdate():mle-diag-gmm.cc:359) Too little data - removing Gaussian (weight 0.012690, occupation count 9.212677, vector size 39)
WARNING (gmm-est[5.5.383~1445-bd1d]:MleDiagGmmUpdate():mle-diag-gmm.cc:359) Too little data - removing Gaussian (weight 0.011542, occupation count 8.379774, vector size 39)
WARNING (gmm-est[5.5.383~1445-bd1d]:MleDiagGmmUpdate():mle-diag-gmm.cc:359) Too little data - removing Gaussian (weight 0.012949, occupation count 9.401267, vector size 39)
WARNING (gmm-est[5.5.383~1445-bd1d]:MleDiagGmmUpdate():mle-diag-gmm.cc:359) Too little data - removing Gaussian (weight 0.006496, occupation count 4.716109, vector size 39)
WARNING (gmm-est[5.5.383~1445-bd1d]:MleDiagGmmUpdate():mle-diag-gmm.cc:359) Too little data - removing Gaussian (weight 0.009506, occupation count 6.901713, vector size 39)
WARNING (gmm-est[5.5.383~1445-bd1d]:MleDiagGmmUpdate():mle-diag-gmm.cc:359) Too little data - removing Gaussian (weight 0.012432, occupation count 9.025898, vector size 39)
WARNING (gmm-est[5.5.383~1445-bd1d]:MleDiagGmmUpdate():mle-diag-gmm.cc:365) Gaussian has too little data but not removing it because it is the last Gaussian: i = 0, occ = 0, weight = 1
WARNING (gmm-est[5.5.383~1445-bd1d]:MleDiagGmmUpdate():mle-diag-gmm.cc:359) Too little data - removing Gaussian (weight 0.058442, occupation count 9.642874, vector size 39)
WARNING (gmm-est[5.5.383~1445-bd1d]:MleDiagGmmUpdate():mle-diag-gmm.cc:359) Too little data - removing Gaussian (weight 0.035378, occupation count 8.243106, vector size 39)
WARNING (gmm-est[5.5.383~1445-bd1d]:MleDiagGmmUpdate():mle-diag-gmm.cc:359) Too little data - removing Gaussian (weight 0.137442, occupation count 8.933704, vector size 39)
WARNING (gmm-est[5.5.383~1445-bd1d]:MleDiagGmmUpdate():mle-diag-gmm.cc:359) Too little data - removing Gaussian (weight 0.056272, occupation count 9.228549, vector size 39)
WARNING (gmm-est[5.5.383~1445-bd1d]:MleDiagGmmUpdate():mle-diag-gmm.cc:359) Too little data - removing Gaussian (weight 0.055546, occupation count 9.109543, vector size 39)
WARNING (gmm-est[5.5.383~1445-bd1d]:MleDiagGmmUpdate():mle-diag-gmm.cc:359) Too little data - removing Gaussian (weight 0.054757, occupation count 7.720782, vector size 39)
LOG (gmm-est[5.5.383~1445-bd1d]:MleAmDiagGmmUpdate():mle-am-diag-gmm.cc:225) 0 variance elements floored in 0 Gaussians, out of 158
LOG (gmm-est[5.5.383~1445-bd1d]:MleAmDiagGmmUpdate():mle-am-diag-gmm.cc:229) Removed 15 Gaussians due to counts < --min-gaussian-occupancy=10 and --remove-low-count-gaussians=true
LOG (gmm-est[5.5.383~1445-bd1d]:main():gmm-est.cc:113) GMM update: Overall 1.78841 objective function improvement per frame over 3787 frames
LOG (gmm-est[5.5.383~1445-bd1d]:main():gmm-est.cc:116) GMM update: Overall avg like per frame = -89.2366 over 3787 frames.
WARNING (gmm-est[5.5.383~1445-bd1d]:GetSplitTargets():model-common.cc:134) Could not split up to 2720 due to min-count = 20 (or no counts at all)

LOG (gmm-est[5.5.383~1445-bd1d]:SplitByCount():am-diag-gmm.cc:116) Split 40 states with target = 2720, power = 0.25, perturb_factor = 0.01 and min_count = 20, split #Gauss from 158 to 173
LOG (gmm-est[5.5.383~1445-bd1d]:main():gmm-est.cc:146) Written model to exp/tri1/4.mdl
# Accounting: time=0 threads=1
# Ended (code 0) at Sat Aug 31 16:56:49 CST 2019, elapsed time 0 seconds
