# gmm-est --mix-up=3440 --power=0.25 --write-occs=exp/tri1/6.occs exp/tri1/5.mdl "gmm-sum-accs - exp/tri1/5.*.acc |" exp/tri1/6.mdl 
# Started at Sat Aug 31 16:56:49 CST 2019
#
gmm-est --mix-up=3440 --power=0.25 --write-occs=exp/tri1/6.occs exp/tri1/5.mdl 'gmm-sum-accs - exp/tri1/5.*.acc |' exp/tri1/6.mdl 
gmm-sum-accs - exp/tri1/5.1.acc 
LOG (gmm-sum-accs[5.5.383~1445-bd1d]:main():gmm-sum-accs.cc:63) Summed 1 stats, total count 3787, avg like/frame -85.0907
LOG (gmm-sum-accs[5.5.383~1445-bd1d]:main():gmm-sum-accs.cc:66) Total count of stats is 3787
LOG (gmm-sum-accs[5.5.383~1445-bd1d]:main():gmm-sum-accs.cc:67) Written stats to -
LOG (gmm-est[5.5.383~1445-bd1d]:MleUpdate():transition-model.cc:528) TransitionModel::Update, objf change is 0 per frame over 3787 frames. 
LOG (gmm-est[5.5.383~1445-bd1d]:MleUpdate():transition-model.cc:531) 6 probabilities floored, 239 out of 326 transition-states skipped due to insuffient data (it is normal to have some skipped.)
LOG (gmm-est[5.5.383~1445-bd1d]:main():gmm-est.cc:102) Transition model update: Overall 0 log-like improvement per frame over 3787 frames.
WARNING (gmm-est[5.5.383~1445-bd1d]:MleDiagGmmUpdate():mle-diag-gmm.cc:359) Too little data - removing Gaussian (weight 0.012964, occupation count 9.411625, vector size 39)
WARNING (gmm-est[5.5.383~1445-bd1d]:MleDiagGmmUpdate():mle-diag-gmm.cc:365) Gaussian has too little data but not removing it because it is the last Gaussian: i = 0, occ = 0, weight = 1
WARNING (gmm-est[5.5.383~1445-bd1d]:MleDiagGmmUpdate():mle-diag-gmm.cc:359) Too little data - removing Gaussian (weight 0.103352, occupation count 9.715049, vector size 39)
WARNING (gmm-est[5.5.383~1445-bd1d]:MleDiagGmmUpdate():mle-diag-gmm.cc:359) Too little data - removing Gaussian (weight 0.042659, occupation count 9.939586, vector size 39)
WARNING (gmm-est[5.5.383~1445-bd1d]:MleDiagGmmUpdate():mle-diag-gmm.cc:359) Too little data - removing Gaussian (weight 0.073746, occupation count 9.218234, vector size 39)
WARNING (gmm-est[5.5.383~1445-bd1d]:MleDiagGmmUpdate():mle-diag-gmm.cc:359) Too little data - removing Gaussian (weight 0.056568, occupation count 9.277163, vector size 39)
WARNING (gmm-est[5.5.383~1445-bd1d]:MleDiagGmmUpdate():mle-diag-gmm.cc:359) Too little data - removing Gaussian (weight 0.058431, occupation count 9.582713, vector size 39)
LOG (gmm-est[5.5.383~1445-bd1d]:MleAmDiagGmmUpdate():mle-am-diag-gmm.cc:225) 0 variance elements floored in 0 Gaussians, out of 167
LOG (gmm-est[5.5.383~1445-bd1d]:MleAmDiagGmmUpdate():mle-am-diag-gmm.cc:229) Removed 6 Gaussians due to counts < --min-gaussian-occupancy=10 and --remove-low-count-gaussians=true
LOG (gmm-est[5.5.383~1445-bd1d]:main():gmm-est.cc:113) GMM update: Overall 0.423101 objective function improvement per frame over 3787 frames
LOG (gmm-est[5.5.383~1445-bd1d]:main():gmm-est.cc:116) GMM update: Overall avg like per frame = -85.0907 over 3787 frames.
WARNING (gmm-est[5.5.383~1445-bd1d]:GetSplitTargets():model-common.cc:134) Could not split up to 3440 due to min-count = 20 (or no counts at all)

LOG (gmm-est[5.5.383~1445-bd1d]:SplitByCount():am-diag-gmm.cc:116) Split 40 states with target = 3440, power = 0.25, perturb_factor = 0.01 and min_count = 20, split #Gauss from 167 to 173
LOG (gmm-est[5.5.383~1445-bd1d]:main():gmm-est.cc:146) Written model to exp/tri1/6.mdl
# Accounting: time=0 threads=1
# Ended (code 0) at Sat Aug 31 16:56:49 CST 2019, elapsed time 0 seconds
