# gmm-est --write-occs=exp/mono/6.occs --mix-up=194 --power=0.25 exp/mono/5.mdl "gmm-sum-accs - exp/mono/5.*.acc|" exp/mono/6.mdl 
# Started at Sat Aug 31 16:56:42 CST 2019
#
gmm-est --write-occs=exp/mono/6.occs --mix-up=194 --power=0.25 exp/mono/5.mdl 'gmm-sum-accs - exp/mono/5.*.acc|' exp/mono/6.mdl 
gmm-sum-accs - exp/mono/5.1.acc 
LOG (gmm-sum-accs[5.5.383~1445-bd1d]:main():gmm-sum-accs.cc:63) Summed 1 stats, total count 3787, avg like/frame -88.8389
LOG (gmm-sum-accs[5.5.383~1445-bd1d]:main():gmm-sum-accs.cc:66) Total count of stats is 3787
LOG (gmm-sum-accs[5.5.383~1445-bd1d]:main():gmm-sum-accs.cc:67) Written stats to -
LOG (gmm-est[5.5.383~1445-bd1d]:MleUpdate():transition-model.cc:528) TransitionModel::Update, objf change is 0.000321904 per frame over 3787 frames. 
LOG (gmm-est[5.5.383~1445-bd1d]:MleUpdate():transition-model.cc:531) 8 probabilities floored, 207 out of 290 transition-states skipped due to insuffient data (it is normal to have some skipped.)
LOG (gmm-est[5.5.383~1445-bd1d]:main():gmm-est.cc:102) Transition model update: Overall 0.000321904 log-like improvement per frame over 3787 frames.
WARNING (gmm-est[5.5.383~1445-bd1d]:MleDiagGmmUpdate():mle-diag-gmm.cc:365) Gaussian has too little data but not removing it because it is the last Gaussian: i = 0, occ = 6, weight = 1
WARNING (gmm-est[5.5.383~1445-bd1d]:MleDiagGmmUpdate():mle-diag-gmm.cc:365) Gaussian has too little data but not removing it because it is the last Gaussian: i = 0, occ = 0, weight = 1
WARNING (gmm-est[5.5.383~1445-bd1d]:MleDiagGmmUpdate():mle-diag-gmm.cc:365) Gaussian has too little data but not removing it because it is the last Gaussian: i = 0, occ = 0, weight = 1
WARNING (gmm-est[5.5.383~1445-bd1d]:MleDiagGmmUpdate():mle-diag-gmm.cc:365) Gaussian has too little data but not removing it because it is the last Gaussian: i = 0, occ = 0, weight = 1
WARNING (gmm-est[5.5.383~1445-bd1d]:MleDiagGmmUpdate():mle-diag-gmm.cc:365) Gaussian has too little data but not removing it because it is the last Gaussian: i = 0, occ = 0, weight = 1
WARNING (gmm-est[5.5.383~1445-bd1d]:MleDiagGmmUpdate():mle-diag-gmm.cc:365) Gaussian has too little data but not removing it because it is the last Gaussian: i = 0, occ = 0, weight = 1
WARNING (gmm-est[5.5.383~1445-bd1d]:MleDiagGmmUpdate():mle-diag-gmm.cc:365) Gaussian has too little data but not removing it because it is the last Gaussian: i = 0, occ = 8, weight = 1
WARNING (gmm-est[5.5.383~1445-bd1d]:MleDiagGmmUpdate():mle-diag-gmm.cc:365) Gaussian has too little data but not removing it because it is the last Gaussian: i = 0, occ = 6, weight = 1
WARNING (gmm-est[5.5.383~1445-bd1d]:MleDiagGmmUpdate():mle-diag-gmm.cc:365) Gaussian has too little data but not removing it because it is the last Gaussian: i = 0, occ = 6, weight = 1
LOG (gmm-est[5.5.383~1445-bd1d]:MleAmDiagGmmUpdate():mle-am-diag-gmm.cc:225) 0 variance elements floored in 0 Gaussians, out of 164
LOG (gmm-est[5.5.383~1445-bd1d]:MleAmDiagGmmUpdate():mle-am-diag-gmm.cc:229) Removed 0 Gaussians due to counts < --min-gaussian-occupancy=10 and --remove-low-count-gaussians=true
LOG (gmm-est[5.5.383~1445-bd1d]:main():gmm-est.cc:113) GMM update: Overall 1.00506 objective function improvement per frame over 3787 frames
LOG (gmm-est[5.5.383~1445-bd1d]:main():gmm-est.cc:116) GMM update: Overall avg like per frame = -88.8389 over 3787 frames.
WARNING (gmm-est[5.5.383~1445-bd1d]:GetSplitTargets():model-common.cc:134) Could not split up to 194 due to min-count = 20 (or no counts at all)

LOG (gmm-est[5.5.383~1445-bd1d]:SplitByCount():am-diag-gmm.cc:116) Split 70 states with target = 194, power = 0.25, perturb_factor = 0.01 and min_count = 20, split #Gauss from 164 to 179
LOG (gmm-est[5.5.383~1445-bd1d]:main():gmm-est.cc:146) Written model to exp/mono/6.mdl
# Accounting: time=0 threads=1
# Ended (code 0) at Sat Aug 31 16:56:42 CST 2019, elapsed time 0 seconds
