# gmm-est --write-occs=exp/mono/7.occs --mix-up=225 --power=0.25 exp/mono/6.mdl "gmm-sum-accs - exp/mono/6.*.acc|" exp/mono/7.mdl 
# Started at Sat Aug 31 16:56:42 CST 2019
#
gmm-est --write-occs=exp/mono/7.occs --mix-up=225 --power=0.25 exp/mono/6.mdl 'gmm-sum-accs - exp/mono/6.*.acc|' exp/mono/7.mdl 
gmm-sum-accs - exp/mono/6.1.acc 
LOG (gmm-sum-accs[5.5.383~1445-bd1d]:main():gmm-sum-accs.cc:63) Summed 1 stats, total count 3787, avg like/frame -87.165
LOG (gmm-sum-accs[5.5.383~1445-bd1d]:main():gmm-sum-accs.cc:66) Total count of stats is 3787
LOG (gmm-sum-accs[5.5.383~1445-bd1d]:main():gmm-sum-accs.cc:67) Written stats to -
LOG (gmm-est[5.5.383~1445-bd1d]:MleUpdate():transition-model.cc:528) TransitionModel::Update, objf change is 0.000510285 per frame over 3787 frames. 
LOG (gmm-est[5.5.383~1445-bd1d]:MleUpdate():transition-model.cc:531) 8 probabilities floored, 207 out of 290 transition-states skipped due to insuffient data (it is normal to have some skipped.)
LOG (gmm-est[5.5.383~1445-bd1d]:main():gmm-est.cc:102) Transition model update: Overall 0.000510285 log-like improvement per frame over 3787 frames.
WARNING (gmm-est[5.5.383~1445-bd1d]:MleDiagGmmUpdate():mle-diag-gmm.cc:359) Too little data - removing Gaussian (weight 0.013654, occupation count 9.885171, vector size 39)
WARNING (gmm-est[5.5.383~1445-bd1d]:MleDiagGmmUpdate():mle-diag-gmm.cc:359) Too little data - removing Gaussian (weight 0.012960, occupation count 9.383307, vector size 39)
WARNING (gmm-est[5.5.383~1445-bd1d]:MleDiagGmmUpdate():mle-diag-gmm.cc:359) Too little data - removing Gaussian (weight 0.013293, occupation count 9.623779, vector size 39)
WARNING (gmm-est[5.5.383~1445-bd1d]:MleDiagGmmUpdate():mle-diag-gmm.cc:359) Too little data - removing Gaussian (weight 0.012864, occupation count 9.313318, vector size 39)
WARNING (gmm-est[5.5.383~1445-bd1d]:MleDiagGmmUpdate():mle-diag-gmm.cc:365) Gaussian has too little data but not removing it because it is the last Gaussian: i = 0, occ = 6, weight = 1
WARNING (gmm-est[5.5.383~1445-bd1d]:MleDiagGmmUpdate():mle-diag-gmm.cc:365) Gaussian has too little data but not removing it because it is the last Gaussian: i = 0, occ = 0, weight = 1
WARNING (gmm-est[5.5.383~1445-bd1d]:MleDiagGmmUpdate():mle-diag-gmm.cc:365) Gaussian has too little data but not removing it because it is the last Gaussian: i = 0, occ = 0, weight = 1
WARNING (gmm-est[5.5.383~1445-bd1d]:MleDiagGmmUpdate():mle-diag-gmm.cc:365) Gaussian has too little data but not removing it because it is the last Gaussian: i = 0, occ = 0, weight = 1
WARNING (gmm-est[5.5.383~1445-bd1d]:MleDiagGmmUpdate():mle-diag-gmm.cc:365) Gaussian has too little data but not removing it because it is the last Gaussian: i = 0, occ = 0, weight = 1
WARNING (gmm-est[5.5.383~1445-bd1d]:MleDiagGmmUpdate():mle-diag-gmm.cc:365) Gaussian has too little data but not removing it because it is the last Gaussian: i = 0, occ = 0, weight = 1
WARNING (gmm-est[5.5.383~1445-bd1d]:MleDiagGmmUpdate():mle-diag-gmm.cc:365) Gaussian has too little data but not removing it because it is the last Gaussian: i = 0, occ = 8, weight = 1
WARNING (gmm-est[5.5.383~1445-bd1d]:MleDiagGmmUpdate():mle-diag-gmm.cc:365) Gaussian has too little data but not removing it because it is the last Gaussian: i = 0, occ = 6, weight = 1
WARNING (gmm-est[5.5.383~1445-bd1d]:MleDiagGmmUpdate():mle-diag-gmm.cc:359) Too little data - removing Gaussian (weight 0.103169, occupation count 9.078889, vector size 39)
WARNING (gmm-est[5.5.383~1445-bd1d]:MleDiagGmmUpdate():mle-diag-gmm.cc:359) Too little data - removing Gaussian (weight 0.080391, occupation count 9.888058, vector size 39)
WARNING (gmm-est[5.5.383~1445-bd1d]:MleDiagGmmUpdate():mle-diag-gmm.cc:359) Too little data - removing Gaussian (weight 0.108338, occupation count 8.883712, vector size 39)
WARNING (gmm-est[5.5.383~1445-bd1d]:MleDiagGmmUpdate():mle-diag-gmm.cc:359) Too little data - removing Gaussian (weight 0.091995, occupation count 8.187595, vector size 39)
WARNING (gmm-est[5.5.383~1445-bd1d]:MleDiagGmmUpdate():mle-diag-gmm.cc:365) Gaussian has too little data but not removing it because it is the last Gaussian: i = 0, occ = 6, weight = 1
LOG (gmm-est[5.5.383~1445-bd1d]:MleAmDiagGmmUpdate():mle-am-diag-gmm.cc:225) 0 variance elements floored in 0 Gaussians, out of 171
LOG (gmm-est[5.5.383~1445-bd1d]:MleAmDiagGmmUpdate():mle-am-diag-gmm.cc:229) Removed 8 Gaussians due to counts < --min-gaussian-occupancy=10 and --remove-low-count-gaussians=true
LOG (gmm-est[5.5.383~1445-bd1d]:main():gmm-est.cc:113) GMM update: Overall 0.792484 objective function improvement per frame over 3787 frames
LOG (gmm-est[5.5.383~1445-bd1d]:main():gmm-est.cc:116) GMM update: Overall avg like per frame = -87.165 over 3787 frames.
WARNING (gmm-est[5.5.383~1445-bd1d]:GetSplitTargets():model-common.cc:134) Could not split up to 225 due to min-count = 20 (or no counts at all)

LOG (gmm-est[5.5.383~1445-bd1d]:SplitByCount():am-diag-gmm.cc:116) Split 70 states with target = 225, power = 0.25, perturb_factor = 0.01 and min_count = 20, split #Gauss from 171 to 184
LOG (gmm-est[5.5.383~1445-bd1d]:main():gmm-est.cc:146) Written model to exp/mono/7.mdl
# Accounting: time=0 threads=1
# Ended (code 0) at Sat Aug 31 16:56:42 CST 2019, elapsed time 0 seconds
